<?xml version="1.0" encoding="UTF-8"?>
<!-- Generated by org.testng.reporters.JUnitXMLReporter -->
<testsuite hostname="Fayaz" name="TagsTest" tests="2" failures="1" timestamp="15 Dec 2015 18:50:08 GMT" time="11.277" errors="0">
  <testcase name="testPageElementsFromTagsTab" time="9.567" classname="org.apache.atlas.seleniumtests.TagsPageTest"/>
  <testcase name="validateTagsPage" time="1.668" classname="org.apache.atlas.seleniumtests.TagsPageTest">
    <failure type="java.lang.AssertionError" message="Validating tags page sections expected [true] but found [false]">
      <![CDATA[java.lang.AssertionError: Validating tags page sections expected [true] but found [false]
	at org.apache.atlas.seleniumtests.TagsPageTest.validateTagsPage(TagsPageTest.java:28)
	at java.util.concurrent.FutureTask.run(FutureTask.java:262)
	at java.util.concurrent.ThreadPoolExecutor.runWorker(ThreadPoolExecutor.java:1145)
	at java.util.concurrent.ThreadPoolExecutor$Worker.run(ThreadPoolExecutor.java:615)
	at java.lang.Thread.run(Thread.java:745)
... Removed 19 stack frames]]>
    </failure>
  </testcase> <!-- validateTagsPage -->
</testsuite> <!-- TagsTest -->
