<?xml version="1.0" encoding="UTF-8"?>
<!-- Generated by org.testng.reporters.JUnitXMLReporter -->
<testsuite hostname="Fayaz" name="Tests" tests="8" failures="2" timestamp="7 Dec 2015 19:44:19 GMT" time="89.722" errors="0">
  <testcase name="@BeforeClass setup" time="0.0" classname="org.apache.atlas.seleniumtests.TagsPageTest">
    <failure type="org.openqa.selenium.remote.SessionNotFoundException" message="The FirefoxDriver cannot be used after quit() was called.
Build info: version: &amp;apos;2.45.0&amp;apos;, revision: &amp;apos;5017cb8e7ca8e37638dc3091b2440b90a1d8686f&amp;apos;, time: &amp;apos;2015-02-27 09:10:26&amp;apos;
System info: host: &amp;apos;Fayaz&amp;apos;, ip: &amp;apos;192.168.1.6&amp;apos;, os.name: &amp;apos;Windows 8.1&amp;apos;, os.arch: &amp;apos;x86&amp;apos;, os.version: &amp;apos;6.3&amp;apos;, java.version: &amp;apos;1.7.0_79&amp;apos;
Driver info: driver.version: RemoteWebDriver">
      <![CDATA[org.openqa.selenium.remote.SessionNotFoundException: The FirefoxDriver cannot be used after quit() was called.
Build info: version: '2.45.0', revision: '5017cb8e7ca8e37638dc3091b2440b90a1d8686f', time: '2015-02-27 09:10:26'
System info: host: 'Fayaz', ip: '192.168.1.6', os.name: 'Windows 8.1', os.arch: 'x86', os.version: '6.3', java.version: '1.7.0_79'
Driver info: driver.version: RemoteWebDriver
	at org.openqa.selenium.firefox.FirefoxDriver$LazyCommandExecutor.execute(FirefoxDriver.java:359)
	at org.openqa.selenium.remote.RemoteWebDriver.execute(RemoteWebDriver.java:572)
	at org.openqa.selenium.remote.RemoteWebDriver.get(RemoteWebDriver.java:304)
	at org.atlas.ui.pages.SearchPage.open(SearchPage.java:51)
	at org.apache.atlas.seleniumtests.TagsPageTest.setup(TagsPageTest.java:20)
	at java.util.concurrent.FutureTask.run(FutureTask.java:262)
	at java.util.concurrent.ThreadPoolExecutor.runWorker(ThreadPoolExecutor.java:1145)
	at java.util.concurrent.ThreadPoolExecutor$Worker.run(ThreadPoolExecutor.java:615)
	at java.lang.Thread.run(Thread.java:745)
... Removed 16 stack frames]]>
    </failure>
  </testcase> <!-- @BeforeClass setup -->
  <testcase name="@AfterClass tearDown" time="0.0" classname="org.apache.atlas.seleniumtests.TagsPageTest">
    <skipped/>
  </testcase> <!-- @AfterClass tearDown -->
  <testcase name="searchTestMethod" time="0.015" classname="org.apache.atlas.seleniumtests.SearchPageTest">
    <skipped/>
  </testcase> <!-- searchTestMethod -->
  <testcase name="testPageElements" time="4.162" classname="org.apache.atlas.seleniumtests.SearchPageTest">
    <failure type="junit.framework.AssertionFailedError" message="Menu Items are displayed as expected expected:&amp;lt;[Ljava.lang.String;@48c90e&amp;gt; but was:&amp;lt;[Ljava.lang.String;@87cacb&amp;gt;">
      <![CDATA[junit.framework.AssertionFailedError: Menu Items are displayed as expected expected:<[Ljava.lang.String;@48c90e> but was:<[Ljava.lang.String;@87cacb>
	at junit.framework.Assert.fail(Assert.java:47)
	at junit.framework.Assert.failNotEquals(Assert.java:282)
	at junit.framework.Assert.assertEquals(Assert.java:64)
	at org.atlas.testHelper.BaseTestClass.validatePageMenuBar(BaseTestClass.java:51)
	at org.atlas.testHelper.BaseTestClass.verifyPageLoadSuccessfully(BaseTestClass.java:36)
	at org.apache.atlas.seleniumtests.SearchPageTest.testPageElements(SearchPageTest.java:38)
	at java.util.concurrent.FutureTask.run(FutureTask.java:262)
	at java.util.concurrent.ThreadPoolExecutor.runWorker(ThreadPoolExecutor.java:1145)
	at java.util.concurrent.ThreadPoolExecutor$Worker.run(ThreadPoolExecutor.java:615)
	at java.lang.Thread.run(Thread.java:745)
... Removed 16 stack frames]]>
    </failure>
  </testcase> <!-- testPageElements -->
  <testcase name="validatePagination" time="0.002" classname="org.apache.atlas.seleniumtests.SearchPageTest">
    <skipped/>
  </testcase> <!-- validatePagination -->
  <testcase name="validateSearchResult" time="16.094" classname="org.apache.atlas.seleniumtests.SearchPageTest">
    <failure type="org.openqa.selenium.NoSuchElementException" message="Unable to locate element: {&amp;quot;method&amp;quot;:&amp;quot;css selector&amp;quot;,&amp;quot;selector&amp;quot;:&amp;quot;.search-spinner&amp;quot;}
Command duration or timeout: 187 milliseconds
For documentation on this error, please visit: http://seleniumhq.org/exceptions/no_such_element.html
Build info: version: &amp;apos;2.45.0&amp;apos;, revision: &amp;apos;5017cb8e7ca8e37638dc3091b2440b90a1d8686f&amp;apos;, time: &amp;apos;2015-02-27 09:10:26&amp;apos;
System info: host: &amp;apos;Fayaz&amp;apos;, ip: &amp;apos;192.168.1.6&amp;apos;, os.name: &amp;apos;Windows 8.1&amp;apos;, os.arch: &amp;apos;x86&amp;apos;, os.version: &amp;apos;6.3&amp;apos;, java.version: &amp;apos;1.7.0_79&amp;apos;
*** Element info: {Using=css selector, value=.search-spinner}
Session ID: cfff5ece-fd9d-4614-b626-7449709e6a75
Driver info: org.openqa.selenium.firefox.FirefoxDriver
Capabilities [{platform=WINDOWS, acceptSslCerts=true, javascriptEnabled=true, cssSelectorsEnabled=true, databaseEnabled=true, browserName=firefox, handlesAlerts=true, nativeEvents=false, webStorageEnabled=true, rotatable=false, locationContextEnabled=true, applicationCacheEnabled=true, takesScreenshot=true, version=42.0}]">
      <![CDATA[org.openqa.selenium.NoSuchElementException: Unable to locate element: {"method":"css selector","selector":".search-spinner"}
Command duration or timeout: 187 milliseconds
For documentation on this error, please visit: http://seleniumhq.org/exceptions/no_such_element.html
Build info: version: '2.45.0', revision: '5017cb8e7ca8e37638dc3091b2440b90a1d8686f', time: '2015-02-27 09:10:26'
System info: host: 'Fayaz', ip: '192.168.1.6', os.name: 'Windows 8.1', os.arch: 'x86', os.version: '6.3', java.version: '1.7.0_79'
*** Element info: {Using=css selector, value=.search-spinner}
Session ID: cfff5ece-fd9d-4614-b626-7449709e6a75
Driver info: org.openqa.selenium.firefox.FirefoxDriver
Capabilities [{platform=WINDOWS, acceptSslCerts=true, javascriptEnabled=true, cssSelectorsEnabled=true, databaseEnabled=true, browserName=firefox, handlesAlerts=true, nativeEvents=false, webStorageEnabled=true, rotatable=false, locationContextEnabled=true, applicationCacheEnabled=true, takesScreenshot=true, version=42.0}]
	at org.openqa.selenium.remote.ErrorHandler.createThrowable(ErrorHandler.java:204)
	at org.openqa.selenium.remote.ErrorHandler.throwIfResponseFailed(ErrorHandler.java:156)
	at org.openqa.selenium.remote.RemoteWebDriver.execute(RemoteWebDriver.java:599)
	at org.openqa.selenium.remote.RemoteWebDriver.findElement(RemoteWebDriver.java:352)
	at org.openqa.selenium.remote.RemoteWebDriver.findElementByCssSelector(RemoteWebDriver.java:441)
	at org.openqa.selenium.By$ByCssSelector.findElement(By.java:425)
	at org.openqa.selenium.remote.RemoteWebDriver.findElement(RemoteWebDriver.java:344)
	at org.apache.atlas.utilities.AtlasDriverUtility.waitUntilPageRefresh(AtlasDriverUtility.java:51)
	at org.apache.atlas.seleniumtests.SearchPageTest.validateSearchResult(SearchPageTest.java:81)
	at java.util.concurrent.FutureTask.run(FutureTask.java:262)
	at java.util.concurrent.ThreadPoolExecutor.runWorker(ThreadPoolExecutor.java:1145)
	at java.util.concurrent.ThreadPoolExecutor$Worker.run(ThreadPoolExecutor.java:615)
	at java.lang.Thread.run(Thread.java:745)
Caused by: org.openqa.selenium.NoSuchElementException: Unable to locate element: {"method":"css selector","selector":".search-spinner"}
For documentation on this error, please visit: http://seleniumhq.org/exceptions/no_such_element.html
Build info: version: '2.45.0', revision: '5017cb8e7ca8e37638dc3091b2440b90a1d8686f', time: '2015-02-27 09:10:26'
System info: host: 'Fayaz', ip: '192.168.1.6', os.name: 'Windows 8.1', os.arch: 'x86', os.version: '6.3', java.version: '1.7.0_79'
Driver info: driver.version: unknown
	at <anonymous class>.FirefoxDriver.prototype.findElementInternal_(file:///C:/Users/Fayaz.Md/AppData/Local/Temp/anonymous7747882243216392983webdriver-profile/extensions/fxdriver@googlecode.com/components/driver-component.js:10271)
	at <anonymous class>.FirefoxDriver.prototype.findElement(file:///C:/Users/Fayaz.Md/AppData/Local/Temp/anonymous7747882243216392983webdriver-profile/extensions/fxdriver@googlecode.com/components/driver-component.js:10280)
	at <anonymous class>.DelayedCommand.prototype.executeInternal_/h(file:///C:/Users/Fayaz.Md/AppData/Local/Temp/anonymous7747882243216392983webdriver-profile/extensions/fxdriver@googlecode.com/components/command-processor.js:12274)
	at <anonymous class>.DelayedCommand.prototype.executeInternal_(file:///C:/Users/Fayaz.Md/AppData/Local/Temp/anonymous7747882243216392983webdriver-profile/extensions/fxdriver@googlecode.com/components/command-processor.js:12279)
	at <anonymous class>.DelayedCommand.prototype.execute/<(file:///C:/Users/Fayaz.Md/AppData/Local/Temp/anonymous7747882243216392983webdriver-profile/extensions/fxdriver@googlecode.com/components/command-processor.js:12221)
... Removed 20 stack frames]]>
    </failure>
  </testcase> <!-- validateSearchResult -->
  <testcase name="validateTableHeaders" time="1.603" classname="org.apache.atlas.seleniumtests.SearchPageTest"/>
  <testcase name="validateTagSection" time="0.347" classname="org.apache.atlas.seleniumtests.SearchPageTest"/>
  <testcase name="verifySearchResultNegative" time="17.02" classname="org.apache.atlas.seleniumtests.SearchPageTest"/>
  <testcase name="testPageElements" time="0.006" classname="org.apache.atlas.seleniumtests.TagsPageTest">
    <skipped/>
  </testcase> <!-- testPageElements -->
</testsuite> <!-- Tests -->
