<html>
<head>
<title>TestNG:  TestExecution</title>
<link href="../testng.css" rel="stylesheet" type="text/css" />
<link href="../my-testng.css" rel="stylesheet" type="text/css" />

<style type="text/css">
.log { display: none;} 
.stack-trace { display: none;} 
</style>
<script type="text/javascript">
<!--
function flip(e) {
  current = e.style.display;
  if (current == 'block') {
    e.style.display = 'none';
    return 0;
  }
  else {
    e.style.display = 'block';
    return 1;
  }
}

function toggleBox(szDivId, elem, msg1, msg2)
{
  var res = -1;  if (document.getElementById) {
    res = flip(document.getElementById(szDivId));
  }
  else if (document.all) {
    // this is the way old msie versions work
    res = flip(document.all[szDivId]);
  }
  if(elem) {
    if(res == 0) elem.innerHTML = msg1; else elem.innerHTML = msg2;
  }

}

function toggleAllBoxes() {
  if (document.getElementsByTagName) {
    d = document.getElementsByTagName('div');
    for (i = 0; i < d.length; i++) {
      if (d[i].className == 'log') {
        flip(d[i]);
      }
    }
  }
}

// -->
</script>

</head>
<body>
<h2 align='center'>TestExecution</h2><table border='1' align="center">
<tr>
<td>Tests passed/Failed/Skipped:</td><td>10/2/0</td>
</tr><tr>
<td>Started on:</td><td>Wed Dec 30 14:32:41 IST 2015</td>
</tr>
<tr><td>Total time:</td><td>217 seconds (217470 ms)</td>
</tr><tr>
<td>Included groups:</td><td></td>
</tr><tr>
<td>Excluded groups:</td><td></td>
</tr>
</table><p/>
<small><i>(Hover the method name to see the test class name)</i></small><p/>
<table width='100%' border='1' class='invocation-failed'>
<tr><td colspan='4' align='center'><b>FAILED TESTS</b></td></tr>
<tr><td><b>Test method</b></td>
<td width="30%"><b>Exception</b></td>
<td width="10%"><b>Time (seconds)</b></td>
<td><b>Instance</b></td>
</tr>
<tr>
<td title='org.apache.atlas.seleniumtests.SearchPageTest.validateTagInSearchResult()'><b>validateTagInSearchResult</b><br>Test class: org.apache.atlas.seleniumtests.SearchPageTest</td>
<td><div><pre>java.lang.AssertionError: Next Button enabled expected [true] but found [false]
	at org.apache.atlas.seleniumtests.SearchPageTest.validateTagInSearchResult(SearchPageTest.java:171)
	at java.util.concurrent.FutureTask.run(FutureTask.java:262)
	at java.util.concurrent.ThreadPoolExecutor.runWorker(ThreadPoolExecutor.java:1145)
	at java.util.concurrent.ThreadPoolExecutor$Worker.run(ThreadPoolExecutor.java:615)
	at java.lang.Thread.run(Thread.java:745)
... Removed 19 stack frames</pre></div><a href='#' onClick='toggleBox("stack-trace3867972", this, "Click to show all stack frames", "Click to hide stack frames")'>Click to show all stack frames</a>
<div class='stack-trace' id='stack-trace3867972'><pre>java.lang.AssertionError: Next Button enabled expected [true] but found [false]
	at org.testng.Assert.fail(Assert.java:94)
	at org.testng.Assert.failNotEquals(Assert.java:494)
	at org.testng.Assert.assertTrue(Assert.java:42)
	at org.apache.atlas.seleniumtests.SearchPageTest.validateTagInSearchResult(SearchPageTest.java:171)
	at sun.reflect.NativeMethodAccessorImpl.invoke0(Native Method)
	at sun.reflect.NativeMethodAccessorImpl.invoke(NativeMethodAccessorImpl.java:57)
	at sun.reflect.DelegatingMethodAccessorImpl.invoke(DelegatingMethodAccessorImpl.java:43)
	at java.lang.reflect.Method.invoke(Method.java:606)
	at org.testng.internal.MethodInvocationHelper.invokeMethod(MethodInvocationHelper.java:84)
	at org.testng.internal.Invoker.invokeMethod(Invoker.java:714)
	at org.testng.internal.Invoker.invokeTestMethod(Invoker.java:901)
	at org.testng.internal.Invoker.invokeTestMethods(Invoker.java:1231)
	at org.testng.internal.TestMethodWorker.invokeTestMethods(TestMethodWorker.java:127)
	at org.testng.internal.TestMethodWorker.run(TestMethodWorker.java:111)
	at org.testng.TestRunner.privateRun(TestRunner.java:767)
	at org.testng.TestRunner.run(TestRunner.java:617)
	at org.testng.SuiteRunner.runTest(SuiteRunner.java:334)
	at org.testng.SuiteRunner.access$000(SuiteRunner.java:37)
	at org.testng.SuiteRunner$SuiteWorker.run(SuiteRunner.java:368)
	at org.testng.internal.thread.ThreadUtil$2.call(ThreadUtil.java:64)
	at java.util.concurrent.FutureTask.run(FutureTask.java:262)
	at java.util.concurrent.ThreadPoolExecutor.runWorker(ThreadPoolExecutor.java:1145)
	at java.util.concurrent.ThreadPoolExecutor$Worker.run(ThreadPoolExecutor.java:615)
	at java.lang.Thread.run(Thread.java:745)
</pre></div></td>
<td>32</td>
<td>org.apache.atlas.seleniumtests.SearchPageTest@d6466f</td></tr>
<tr>
<td title='org.apache.atlas.seleniumtests.SearchPageTest.verifySearchResultNegative()'><b>verifySearchResultNegative</b><br>Test class: org.apache.atlas.seleniumtests.SearchPageTest</td>
<td><div><pre>java.lang.AssertionError: No Result found message displayed expected [No Result found] but found [Error occurred during executing search query, error status code = 500, status text = Internal Server Error]
	at org.apache.atlas.seleniumtests.SearchPageTest.verifySearchResultNegative(SearchPageTest.java:75)
	at java.util.concurrent.FutureTask.run(FutureTask.java:262)
	at java.util.concurrent.ThreadPoolExecutor.runWorker(ThreadPoolExecutor.java:1145)
	at java.util.concurrent.ThreadPoolExecutor$Worker.run(ThreadPoolExecutor.java:615)
	at java.lang.Thread.run(Thread.java:745)
... Removed 20 stack frames</pre></div><a href='#' onClick='toggleBox("stack-trace2051287", this, "Click to show all stack frames", "Click to hide stack frames")'>Click to show all stack frames</a>
<div class='stack-trace' id='stack-trace2051287'><pre>java.lang.AssertionError: No Result found message displayed expected [No Result found] but found [Error occurred during executing search query, error status code = 500, status text = Internal Server Error]
	at org.testng.Assert.fail(Assert.java:94)
	at org.testng.Assert.failNotEquals(Assert.java:494)
	at org.testng.Assert.assertEquals(Assert.java:123)
	at org.testng.Assert.assertEquals(Assert.java:176)
	at org.apache.atlas.seleniumtests.SearchPageTest.verifySearchResultNegative(SearchPageTest.java:75)
	at sun.reflect.NativeMethodAccessorImpl.invoke0(Native Method)
	at sun.reflect.NativeMethodAccessorImpl.invoke(NativeMethodAccessorImpl.java:57)
	at sun.reflect.DelegatingMethodAccessorImpl.invoke(DelegatingMethodAccessorImpl.java:43)
	at java.lang.reflect.Method.invoke(Method.java:606)
	at org.testng.internal.MethodInvocationHelper.invokeMethod(MethodInvocationHelper.java:84)
	at org.testng.internal.Invoker.invokeMethod(Invoker.java:714)
	at org.testng.internal.Invoker.invokeTestMethod(Invoker.java:901)
	at org.testng.internal.Invoker.invokeTestMethods(Invoker.java:1231)
	at org.testng.internal.TestMethodWorker.invokeTestMethods(TestMethodWorker.java:127)
	at org.testng.internal.TestMethodWorker.run(TestMethodWorker.java:111)
	at org.testng.TestRunner.privateRun(TestRunner.java:767)
	at org.testng.TestRunner.run(TestRunner.java:617)
	at org.testng.SuiteRunner.runTest(SuiteRunner.java:334)
	at org.testng.SuiteRunner.access$000(SuiteRunner.java:37)
	at org.testng.SuiteRunner$SuiteWorker.run(SuiteRunner.java:368)
	at org.testng.internal.thread.ThreadUtil$2.call(ThreadUtil.java:64)
	at java.util.concurrent.FutureTask.run(FutureTask.java:262)
	at java.util.concurrent.ThreadPoolExecutor.runWorker(ThreadPoolExecutor.java:1145)
	at java.util.concurrent.ThreadPoolExecutor$Worker.run(ThreadPoolExecutor.java:615)
	at java.lang.Thread.run(Thread.java:745)
</pre></div></td>
<td>17</td>
<td>org.apache.atlas.seleniumtests.SearchPageTest@d6466f</td></tr>
</table><p>
<table width='100%' border='1' class='invocation-passed'>
<tr><td colspan='4' align='center'><b>PASSED TESTS</b></td></tr>
<tr><td><b>Test method</b></td>
<td width="30%"><b>Exception</b></td>
<td width="10%"><b>Time (seconds)</b></td>
<td><b>Instance</b></td>
</tr>
<tr>
<td title='org.apache.atlas.seleniumtests.TagsPageTest.addAttribute()'><b>addAttribute</b><br>Test class: org.apache.atlas.seleniumtests.TagsPageTest</td>
<td></td>
<td>9</td>
<td>org.apache.atlas.seleniumtests.TagsPageTest@18dafec</td></tr>
<tr>
<td title='org.apache.atlas.seleniumtests.SearchPageTest.searchTestMethod()'><b>searchTestMethod</b><br>Test class: org.apache.atlas.seleniumtests.SearchPageTest<br>Parameters: [Ljava.lang.String;@d6d675</td>
<td></td>
<td>31</td>
<td>org.apache.atlas.seleniumtests.SearchPageTest@d6466f</td></tr>
<tr>
<td title='org.apache.atlas.seleniumtests.SearchPageTest.testPageElements()'><b>testPageElements</b><br>Test class: org.apache.atlas.seleniumtests.SearchPageTest</td>
<td></td>
<td>11</td>
<td>org.apache.atlas.seleniumtests.SearchPageTest@d6466f</td></tr>
<tr>
<td title='org.apache.atlas.seleniumtests.TagsPageTest.testPageElementsFromTagsTab()'><b>testPageElementsFromTagsTab</b><br>Test class: org.apache.atlas.seleniumtests.TagsPageTest</td>
<td></td>
<td>10</td>
<td>org.apache.atlas.seleniumtests.TagsPageTest@18dafec</td></tr>
<tr>
<td title='org.apache.atlas.seleniumtests.SearchPageTest.validatePagination()'><b>validatePagination</b><br>Test class: org.apache.atlas.seleniumtests.SearchPageTest<br>Parameters: [Ljava.lang.String;@99d847</td>
<td></td>
<td>37</td>
<td>org.apache.atlas.seleniumtests.SearchPageTest@d6466f</td></tr>
<tr>
<td title='org.apache.atlas.seleniumtests.SearchPageTest.validateSearchResultCount()'><b>validateSearchResultCount</b><br>Test class: org.apache.atlas.seleniumtests.SearchPageTest</td>
<td></td>
<td>20</td>
<td>org.apache.atlas.seleniumtests.SearchPageTest@d6466f</td></tr>
<tr>
<td title='org.apache.atlas.seleniumtests.SearchPageTest.validateTableHeaders()'><b>validateTableHeaders</b><br>Test class: org.apache.atlas.seleniumtests.SearchPageTest<br>Parameters: [Ljava.lang.String;@4626db</td>
<td></td>
<td>1</td>
<td>org.apache.atlas.seleniumtests.SearchPageTest@d6466f</td></tr>
<tr>
<td title='org.apache.atlas.seleniumtests.TagsPageTest.validateTagDefinition()'><b>validateTagDefinition</b><br>Test class: org.apache.atlas.seleniumtests.TagsPageTest</td>
<td></td>
<td>4</td>
<td>org.apache.atlas.seleniumtests.TagsPageTest@18dafec</td></tr>
<tr>
<td title='org.apache.atlas.seleniumtests.SearchPageTest.validateTagSectionInSearchPage()'><b>validateTagSectionInSearchPage</b><br>Test class: org.apache.atlas.seleniumtests.SearchPageTest</td>
<td></td>
<td>0</td>
<td>org.apache.atlas.seleniumtests.SearchPageTest@d6466f</td></tr>
<tr>
<td title='org.apache.atlas.seleniumtests.TagsPageTest.validateTagsPage()'><b>validateTagsPage</b><br>Test class: org.apache.atlas.seleniumtests.TagsPageTest</td>
<td></td>
<td>6</td>
<td>org.apache.atlas.seleniumtests.TagsPageTest@18dafec</td></tr>
</table><p>
</body>
</html>