<?xml version="1.0" encoding="UTF-8"?>
<!-- Generated by org.testng.reporters.JUnitXMLReporter -->
<testsuite hostname="Fayaz" name="TestExecution" tests="12" failures="2" timestamp="30 Dec 2015 09:06:19 GMT" time="217.47" errors="0">
  <testcase name="searchTestMethod" time="31.933" classname="org.apache.atlas.seleniumtests.SearchPageTest"/>
  <testcase name="testPageElements" time="11.099" classname="org.apache.atlas.seleniumtests.SearchPageTest"/>
  <testcase name="validatePagination" time="37.838" classname="org.apache.atlas.seleniumtests.SearchPageTest"/>
  <testcase name="validateSearchResultCount" time="20.67" classname="org.apache.atlas.seleniumtests.SearchPageTest"/>
  <testcase name="validateTableHeaders" time="1.81" classname="org.apache.atlas.seleniumtests.SearchPageTest"/>
  <testcase name="validateTagInSearchResult" time="32.169" classname="org.apache.atlas.seleniumtests.SearchPageTest">
    <failure type="java.lang.AssertionError" message="Next Button enabled expected [true] but found [false]">
      <![CDATA[java.lang.AssertionError: Next Button enabled expected [true] but found [false]
	at org.apache.atlas.seleniumtests.SearchPageTest.validateTagInSearchResult(SearchPageTest.java:171)
	at java.util.concurrent.FutureTask.run(FutureTask.java:262)
	at java.util.concurrent.ThreadPoolExecutor.runWorker(ThreadPoolExecutor.java:1145)
	at java.util.concurrent.ThreadPoolExecutor$Worker.run(ThreadPoolExecutor.java:615)
	at java.lang.Thread.run(Thread.java:745)
... Removed 19 stack frames]]>
    </failure>
  </testcase> <!-- validateTagInSearchResult -->
  <testcase name="validateTagSectionInSearchPage" time="0.198" classname="org.apache.atlas.seleniumtests.SearchPageTest"/>
  <testcase name="verifySearchResultNegative" time="17.676" classname="org.apache.atlas.seleniumtests.SearchPageTest">
    <failure type="java.lang.AssertionError" message="No Result found message displayed expected [No Result found] but found [Error occurred during executing search query, error status code = 500, status text = Internal Server Error]">
      <![CDATA[java.lang.AssertionError: No Result found message displayed expected [No Result found] but found [Error occurred during executing search query, error status code = 500, status text = Internal Server Error]
	at org.apache.atlas.seleniumtests.SearchPageTest.verifySearchResultNegative(SearchPageTest.java:75)
	at java.util.concurrent.FutureTask.run(FutureTask.java:262)
	at java.util.concurrent.ThreadPoolExecutor.runWorker(ThreadPoolExecutor.java:1145)
	at java.util.concurrent.ThreadPoolExecutor$Worker.run(ThreadPoolExecutor.java:615)
	at java.lang.Thread.run(Thread.java:745)
... Removed 20 stack frames]]>
    </failure>
  </testcase> <!-- verifySearchResultNegative -->
  <testcase name="addAttribute" time="9.957" classname="org.apache.atlas.seleniumtests.TagsPageTest"/>
  <testcase name="testPageElementsFromTagsTab" time="10.241" classname="org.apache.atlas.seleniumtests.TagsPageTest"/>
  <testcase name="validateTagDefinition" time="4.107" classname="org.apache.atlas.seleniumtests.TagsPageTest"/>
  <testcase name="validateTagsPage" time="6.428" classname="org.apache.atlas.seleniumtests.TagsPageTest"/>
</testsuite> <!-- TestExecution -->
