<!DOCTYPE html PUBLIC "-//W3C//DTD XHTML 1.1//EN" "http://www.w3.org/TR/xhtml11/DTD/xhtml11.dtd">
<html xmlns="http://www.w3.org/1999/xhtml"><head><title>TestNG Report</title><style type="text/css">table {margin-bottom:10px;border-collapse:collapse;empty-cells:show}th,td {border:1px solid #009;padding:.25em .5em}th {vertical-align:bottom}td {vertical-align:top}table a {font-weight:bold}.stripe td {background-color: #E6EBF9}.num {text-align:right}.passedodd td {background-color: #3F3}.passedeven td {background-color: #0A0}.skippedodd td {background-color: #DDD}.skippedeven td {background-color: #CCC}.failedodd td,.attn {background-color: #F33}.failedeven td,.stripe .attn {background-color: #D00}.stacktrace {white-space:pre;font-family:monospace}.totop {font-size:85%;text-align:center;border-bottom:2px solid #000}</style></head><body><table><tr><th>Test</th><th># Passed</th><th># Skipped</th><th># Failed</th><th>Time (ms)</th><th>Included Groups</th><th>Excluded Groups</th></tr><tr><th colspan="7">AtlasSuite</th></tr><tr><td><a href="#t0">TestExecution</a></td><td class="num">10</td><td class="num">0</td><td class="num attn">2</td><td class="num">217,470</td><td></td><td></td></tr></table><table><thead><tr><th>Class</th><th>Method</th><th>Start</th><th>Time (ms)</th></tr></thead><tbody><tr><th colspan="4">AtlasSuite</th></tr></tbody><tbody id="t0"><tr><th colspan="4">TestExecution &#8212; failed</th></tr><tr class="failedeven"><td rowspan="2">org.apache.atlas.seleniumtests.SearchPageTest</td><td><a href="#m0">validateTagInSearchResult</a></td><td rowspan="1">1451466291299</td><td rowspan="1">32169</td></tr><tr class="failedeven"><td><a href="#m1">verifySearchResultNegative</a></td><td rowspan="1">1451466326321</td><td rowspan="1">17676</td></tr><tr><th colspan="4">TestExecution &#8212; passed</th></tr><tr class="passedeven"><td rowspan="6">org.apache.atlas.seleniumtests.SearchPageTest</td><td><a href="#m2">searchTestMethod</a></td><td rowspan="1">1451466187920</td><td rowspan="1">31933</td></tr><tr class="passedeven"><td><a href="#m3">testPageElements</a></td><td rowspan="1">1451466219860</td><td rowspan="1">11099</td></tr><tr class="passedeven"><td><a href="#m4">validatePagination</a></td><td rowspan="1">1451466230964</td><td rowspan="1">37838</td></tr><tr class="passedeven"><td><a href="#m5">validateSearchResultCount</a></td><td rowspan="1">1451466268807</td><td rowspan="1">20670</td></tr><tr class="passedeven"><td><a href="#m6">validateTableHeaders</a></td><td rowspan="1">1451466289485</td><td rowspan="1">1810</td></tr><tr class="passedeven"><td><a href="#m7">validateTagSectionInSearchPage</a></td><td rowspan="1">1451466326118</td><td rowspan="1">198</td></tr><tr class="passedodd"><td rowspan="4">org.apache.atlas.seleniumtests.TagsPageTest</td><td><a href="#m8">addAttribute</a></td><td rowspan="1">1451466348447</td><td rowspan="1">9957</td></tr><tr class="passedodd"><td><a href="#m9">testPageElementsFromTagsTab</a></td><td rowspan="1">1451466358407</td><td rowspan="1">10241</td></tr><tr class="passedodd"><td><a href="#m10">validateTagDefinition</a></td><td rowspan="1">1451466368650</td><td rowspan="1">4107</td></tr><tr class="passedodd"><td><a href="#m11">validateTagsPage</a></td><td rowspan="1">1451466372760</td><td rowspan="1">6428</td></tr></tbody></table><h2>TestExecution</h2><h3 id="m0">org.apache.atlas.seleniumtests.SearchPageTest#validateTagInSearchResult</h3><table class="result"><tr><th>Exception</th></tr><tr><td><div class="stacktrace">java.lang.AssertionError: Next Button enabled expected [true] but found [false]
	at org.apache.atlas.seleniumtests.SearchPageTest.validateTagInSearchResult(SearchPageTest.java:171)
	at java.util.concurrent.FutureTask.run(FutureTask.java:262)
	at java.util.concurrent.ThreadPoolExecutor.runWorker(ThreadPoolExecutor.java:1145)
	at java.util.concurrent.ThreadPoolExecutor$Worker.run(ThreadPoolExecutor.java:615)
	at java.lang.Thread.run(Thread.java:745)
... Removed 19 stack frames</div></td></tr></table><p class="totop"><a href="#summary">back to summary</a></p><h3 id="m1">org.apache.atlas.seleniumtests.SearchPageTest#verifySearchResultNegative</h3><table class="result"><tr><th>Exception</th></tr><tr><td><div class="stacktrace">java.lang.AssertionError: No Result found message displayed expected [No Result found] but found [Error occurred during executing search query, error status code = 500, status text = Internal Server Error]
	at org.apache.atlas.seleniumtests.SearchPageTest.verifySearchResultNegative(SearchPageTest.java:75)
	at java.util.concurrent.FutureTask.run(FutureTask.java:262)
	at java.util.concurrent.ThreadPoolExecutor.runWorker(ThreadPoolExecutor.java:1145)
	at java.util.concurrent.ThreadPoolExecutor$Worker.run(ThreadPoolExecutor.java:615)
	at java.lang.Thread.run(Thread.java:745)
... Removed 20 stack frames</div></td></tr></table><p class="totop"><a href="#summary">back to summary</a></p><h3 id="m2">org.apache.atlas.seleniumtests.SearchPageTest#searchTestMethod</h3><table class="result"><tr class="param"><th>Parameter #1</th></tr><tr class="param stripe"><td>[Table, from Table select Table.name]</td></tr></table><p class="totop"><a href="#summary">back to summary</a></p><h3 id="m3">org.apache.atlas.seleniumtests.SearchPageTest#testPageElements</h3><table class="result"></table><p class="totop"><a href="#summary">back to summary</a></p><h3 id="m4">org.apache.atlas.seleniumtests.SearchPageTest#validatePagination</h3><table class="result"><tr class="param"><th>Parameter #1</th></tr><tr class="param stripe"><td>[Table, from Table select Table.name]</td></tr></table><p class="totop"><a href="#summary">back to summary</a></p><h3 id="m5">org.apache.atlas.seleniumtests.SearchPageTest#validateSearchResultCount</h3><table class="result"></table><p class="totop"><a href="#summary">back to summary</a></p><h3 id="m6">org.apache.atlas.seleniumtests.SearchPageTest#validateTableHeaders</h3><table class="result"><tr class="param"><th>Parameter #1</th></tr><tr class="param stripe"><td>[Name, Description, Owner, Tags, Tools]</td></tr></table><p class="totop"><a href="#summary">back to summary</a></p><h3 id="m7">org.apache.atlas.seleniumtests.SearchPageTest#validateTagSectionInSearchPage</h3><table class="result"></table><p class="totop"><a href="#summary">back to summary</a></p><h3 id="m8">org.apache.atlas.seleniumtests.TagsPageTest#addAttribute</h3><table class="result"></table><p class="totop"><a href="#summary">back to summary</a></p><h3 id="m9">org.apache.atlas.seleniumtests.TagsPageTest#testPageElementsFromTagsTab</h3><table class="result"></table><p class="totop"><a href="#summary">back to summary</a></p><h3 id="m10">org.apache.atlas.seleniumtests.TagsPageTest#validateTagDefinition</h3><table class="result"></table><p class="totop"><a href="#summary">back to summary</a></p><h3 id="m11">org.apache.atlas.seleniumtests.TagsPageTest#validateTagsPage</h3><table class="result"></table><p class="totop"><a href="#summary">back to summary</a></p></body></html>