<?xml version="1.0" encoding="UTF-8"?>
<testng-results skipped="0" failed="2" total="12" passed="10">
  <reporter-output>
    <line>
      <![CDATA[<a href=validateTagInSearchResult target='_blank' >validateTagInSearchResult</a>]]>
    </line>
    <line>
      <![CDATA[<a href=verifySearchResultNegative target='_blank' >verifySearchResultNegative</a>]]>
    </line>
  </reporter-output>
  <suite name="AtlasSuite" duration-ms="217470" started-at="2015-12-30T09:02:41Z" finished-at="2015-12-30T09:06:19Z">
    <groups>
    </groups>
    <test name="TestExecution" duration-ms="217470" started-at="2015-12-30T09:02:41Z" finished-at="2015-12-30T09:06:19Z">
      <class name="org.apache.atlas.seleniumtests.SearchPageTest">
        <test-method status="PASS" signature="load()[pri:0, instance:org.apache.atlas.seleniumtests.SearchPageTest@d6466f]" name="load" is-config="true" duration-ms="26164" started-at="2015-12-30T14:32:41Z" finished-at="2015-12-30T14:33:07Z">
          <reporter-output>
          </reporter-output>
        </test-method> <!-- load -->
        <test-method status="PASS" signature="beforeMethod()[pri:0, instance:org.apache.atlas.seleniumtests.SearchPageTest@d6466f]" name="beforeMethod" is-config="true" duration-ms="3" started-at="2015-12-30T14:33:07Z" finished-at="2015-12-30T14:33:07Z">
          <reporter-output>
          </reporter-output>
        </test-method> <!-- beforeMethod -->
        <test-method status="PASS" signature="searchTestMethod([Ljava.lang.String;)[pri:0, instance:org.apache.atlas.seleniumtests.SearchPageTest@d6466f]" name="searchTestMethod" duration-ms="31933" started-at="2015-12-30T14:33:07Z" data-provider="searchDataFeed" finished-at="2015-12-30T14:33:39Z">
          <params>
            <param index="0">
              <value>
                <![CDATA[[Ljava.lang.String;@d6d675]]>
              </value>
            </param>
          </params>
          <reporter-output>
          </reporter-output>
        </test-method> <!-- searchTestMethod -->
        <test-method status="PASS" signature="afterMethod(org.testng.ITestResult)[pri:0, instance:org.apache.atlas.seleniumtests.SearchPageTest@d6466f]" name="afterMethod" is-config="true" duration-ms="3" started-at="2015-12-30T14:33:39Z" finished-at="2015-12-30T14:33:39Z">
          <params>
            <param index="0">
              <value>
                <![CDATA[[TestResult name=searchTestMethod status=SUCCESS method=SearchPageTest.searchTestMethod([Ljava.lang.String;)[pri:0, instance:org.apache.atlas.seleniumtests.SearchPageTest@d6466f] output={null}]]]>
              </value>
            </param>
          </params>
          <reporter-output>
          </reporter-output>
        </test-method> <!-- afterMethod -->
        <test-method status="PASS" signature="beforeMethod()[pri:0, instance:org.apache.atlas.seleniumtests.SearchPageTest@d6466f]" name="beforeMethod" is-config="true" duration-ms="1" started-at="2015-12-30T14:33:39Z" finished-at="2015-12-30T14:33:39Z">
          <reporter-output>
          </reporter-output>
        </test-method> <!-- beforeMethod -->
        <test-method status="PASS" signature="testPageElements()[pri:0, instance:org.apache.atlas.seleniumtests.SearchPageTest@d6466f]" name="testPageElements" duration-ms="11099" started-at="2015-12-30T14:33:39Z" finished-at="2015-12-30T14:33:50Z">
          <reporter-output>
          </reporter-output>
        </test-method> <!-- testPageElements -->
        <test-method status="PASS" signature="afterMethod(org.testng.ITestResult)[pri:0, instance:org.apache.atlas.seleniumtests.SearchPageTest@d6466f]" name="afterMethod" is-config="true" duration-ms="1" started-at="2015-12-30T14:33:50Z" finished-at="2015-12-30T14:33:50Z">
          <params>
            <param index="0">
              <value>
                <![CDATA[[TestResult name=testPageElements status=SUCCESS method=SearchPageTest.testPageElements()[pri:0, instance:org.apache.atlas.seleniumtests.SearchPageTest@d6466f] output={null}]]]>
              </value>
            </param>
          </params>
          <reporter-output>
          </reporter-output>
        </test-method> <!-- afterMethod -->
        <test-method status="PASS" signature="beforeMethod()[pri:0, instance:org.apache.atlas.seleniumtests.SearchPageTest@d6466f]" name="beforeMethod" is-config="true" duration-ms="0" started-at="2015-12-30T14:33:50Z" finished-at="2015-12-30T14:33:50Z">
          <reporter-output>
          </reporter-output>
        </test-method> <!-- beforeMethod -->
        <test-method status="PASS" signature="validatePagination([Ljava.lang.String;)[pri:0, instance:org.apache.atlas.seleniumtests.SearchPageTest@d6466f]" name="validatePagination" duration-ms="37838" started-at="2015-12-30T14:33:50Z" data-provider="searchDataFeed" finished-at="2015-12-30T14:34:28Z">
          <params>
            <param index="0">
              <value>
                <![CDATA[[Ljava.lang.String;@99d847]]>
              </value>
            </param>
          </params>
          <reporter-output>
          </reporter-output>
        </test-method> <!-- validatePagination -->
        <test-method status="PASS" signature="afterMethod(org.testng.ITestResult)[pri:0, instance:org.apache.atlas.seleniumtests.SearchPageTest@d6466f]" name="afterMethod" is-config="true" duration-ms="1" started-at="2015-12-30T14:34:28Z" finished-at="2015-12-30T14:34:28Z">
          <params>
            <param index="0">
              <value>
                <![CDATA[[TestResult name=validatePagination status=SUCCESS method=SearchPageTest.validatePagination([Ljava.lang.String;)[pri:0, instance:org.apache.atlas.seleniumtests.SearchPageTest@d6466f] output={null}]]]>
              </value>
            </param>
          </params>
          <reporter-output>
          </reporter-output>
        </test-method> <!-- afterMethod -->
        <test-method status="PASS" signature="beforeMethod()[pri:0, instance:org.apache.atlas.seleniumtests.SearchPageTest@d6466f]" name="beforeMethod" is-config="true" duration-ms="1" started-at="2015-12-30T14:34:28Z" finished-at="2015-12-30T14:34:28Z">
          <reporter-output>
          </reporter-output>
        </test-method> <!-- beforeMethod -->
        <test-method status="PASS" signature="validateSearchResultCount()[pri:0, instance:org.apache.atlas.seleniumtests.SearchPageTest@d6466f]" name="validateSearchResultCount" duration-ms="20670" started-at="2015-12-30T14:34:28Z" finished-at="2015-12-30T14:34:49Z">
          <reporter-output>
          </reporter-output>
        </test-method> <!-- validateSearchResultCount -->
        <test-method status="PASS" signature="afterMethod(org.testng.ITestResult)[pri:0, instance:org.apache.atlas.seleniumtests.SearchPageTest@d6466f]" name="afterMethod" is-config="true" duration-ms="2" started-at="2015-12-30T14:34:49Z" finished-at="2015-12-30T14:34:49Z">
          <params>
            <param index="0">
              <value>
                <![CDATA[[TestResult name=validateSearchResultCount status=SUCCESS method=SearchPageTest.validateSearchResultCount()[pri:0, instance:org.apache.atlas.seleniumtests.SearchPageTest@d6466f] output={null}]]]>
              </value>
            </param>
          </params>
          <reporter-output>
          </reporter-output>
        </test-method> <!-- afterMethod -->
        <test-method status="PASS" signature="beforeMethod()[pri:0, instance:org.apache.atlas.seleniumtests.SearchPageTest@d6466f]" name="beforeMethod" is-config="true" duration-ms="0" started-at="2015-12-30T14:34:49Z" finished-at="2015-12-30T14:34:49Z">
          <reporter-output>
          </reporter-output>
        </test-method> <!-- beforeMethod -->
        <test-method status="PASS" signature="validateTableHeaders([Ljava.lang.String;)[pri:0, instance:org.apache.atlas.seleniumtests.SearchPageTest@d6466f]" name="validateTableHeaders" duration-ms="1810" started-at="2015-12-30T14:34:49Z" data-provider="searchTableHeaders" finished-at="2015-12-30T14:34:51Z">
          <params>
            <param index="0">
              <value>
                <![CDATA[[Ljava.lang.String;@4626db]]>
              </value>
            </param>
          </params>
          <reporter-output>
          </reporter-output>
        </test-method> <!-- validateTableHeaders -->
        <test-method status="PASS" signature="afterMethod(org.testng.ITestResult)[pri:0, instance:org.apache.atlas.seleniumtests.SearchPageTest@d6466f]" name="afterMethod" is-config="true" duration-ms="1" started-at="2015-12-30T14:34:51Z" finished-at="2015-12-30T14:34:51Z">
          <params>
            <param index="0">
              <value>
                <![CDATA[[TestResult name=validateTableHeaders status=SUCCESS method=SearchPageTest.validateTableHeaders([Ljava.lang.String;)[pri:0, instance:org.apache.atlas.seleniumtests.SearchPageTest@d6466f] output={null}]]]>
              </value>
            </param>
          </params>
          <reporter-output>
          </reporter-output>
        </test-method> <!-- afterMethod -->
        <test-method status="FAIL" signature="validateTagInSearchResult()[pri:0, instance:org.apache.atlas.seleniumtests.SearchPageTest@d6466f]" name="validateTagInSearchResult" duration-ms="32169" started-at="2015-12-30T14:34:51Z" finished-at="2015-12-30T14:35:23Z">
          <exception class="java.lang.AssertionError">
            <message>
              <![CDATA[Next Button enabled expected [true] but found [false]]]>
            </message>
            <full-stacktrace>
              <![CDATA[java.lang.AssertionError: Next Button enabled expected [true] but found [false]
	at org.testng.Assert.fail(Assert.java:94)
	at org.testng.Assert.failNotEquals(Assert.java:494)
	at org.testng.Assert.assertTrue(Assert.java:42)
	at org.apache.atlas.seleniumtests.SearchPageTest.validateTagInSearchResult(SearchPageTest.java:171)
	at sun.reflect.NativeMethodAccessorImpl.invoke0(Native Method)
	at sun.reflect.NativeMethodAccessorImpl.invoke(NativeMethodAccessorImpl.java:57)
	at sun.reflect.DelegatingMethodAccessorImpl.invoke(DelegatingMethodAccessorImpl.java:43)
	at java.lang.reflect.Method.invoke(Method.java:606)
	at org.testng.internal.MethodInvocationHelper.invokeMethod(MethodInvocationHelper.java:84)
	at org.testng.internal.Invoker.invokeMethod(Invoker.java:714)
	at org.testng.internal.Invoker.invokeTestMethod(Invoker.java:901)
	at org.testng.internal.Invoker.invokeTestMethods(Invoker.java:1231)
	at org.testng.internal.TestMethodWorker.invokeTestMethods(TestMethodWorker.java:127)
	at org.testng.internal.TestMethodWorker.run(TestMethodWorker.java:111)
	at org.testng.TestRunner.privateRun(TestRunner.java:767)
	at org.testng.TestRunner.run(TestRunner.java:617)
	at org.testng.SuiteRunner.runTest(SuiteRunner.java:334)
	at org.testng.SuiteRunner.access$000(SuiteRunner.java:37)
	at org.testng.SuiteRunner$SuiteWorker.run(SuiteRunner.java:368)
	at org.testng.internal.thread.ThreadUtil$2.call(ThreadUtil.java:64)
	at java.util.concurrent.FutureTask.run(FutureTask.java:262)
	at java.util.concurrent.ThreadPoolExecutor.runWorker(ThreadPoolExecutor.java:1145)
	at java.util.concurrent.ThreadPoolExecutor$Worker.run(ThreadPoolExecutor.java:615)
	at java.lang.Thread.run(Thread.java:745)
]]>
            </full-stacktrace>
          </exception> <!-- java.lang.AssertionError -->
          <reporter-output>
          </reporter-output>
        </test-method> <!-- validateTagInSearchResult -->
        <test-method status="PASS" signature="beforeMethod()[pri:0, instance:org.apache.atlas.seleniumtests.SearchPageTest@d6466f]" name="beforeMethod" is-config="true" duration-ms="0" started-at="2015-12-30T14:34:51Z" finished-at="2015-12-30T14:34:51Z">
          <reporter-output>
          </reporter-output>
        </test-method> <!-- beforeMethod -->
        <test-method status="PASS" signature="afterMethod(org.testng.ITestResult)[pri:0, instance:org.apache.atlas.seleniumtests.SearchPageTest@d6466f]" name="afterMethod" is-config="true" duration-ms="2643" started-at="2015-12-30T14:35:23Z" finished-at="2015-12-30T14:35:26Z">
          <params>
            <param index="0">
              <value>
                <![CDATA[[TestResult name=validateTagInSearchResult status=FAILURE method=SearchPageTest.validateTagInSearchResult()[pri:0, instance:org.apache.atlas.seleniumtests.SearchPageTest@d6466f] output={null}]]]>
              </value>
            </param>
          </params>
          <reporter-output>
            <line>
              <![CDATA[<a href=validateTagInSearchResult target='_blank' >validateTagInSearchResult</a>]]>
            </line>
          </reporter-output>
        </test-method> <!-- afterMethod -->
        <test-method status="PASS" signature="beforeMethod()[pri:0, instance:org.apache.atlas.seleniumtests.SearchPageTest@d6466f]" name="beforeMethod" is-config="true" duration-ms="1" started-at="2015-12-30T14:35:26Z" finished-at="2015-12-30T14:35:26Z">
          <reporter-output>
          </reporter-output>
        </test-method> <!-- beforeMethod -->
        <test-method status="PASS" signature="validateTagSectionInSearchPage()[pri:0, instance:org.apache.atlas.seleniumtests.SearchPageTest@d6466f]" name="validateTagSectionInSearchPage" duration-ms="198" started-at="2015-12-30T14:35:26Z" finished-at="2015-12-30T14:35:26Z">
          <reporter-output>
          </reporter-output>
        </test-method> <!-- validateTagSectionInSearchPage -->
        <test-method status="PASS" signature="afterMethod(org.testng.ITestResult)[pri:0, instance:org.apache.atlas.seleniumtests.SearchPageTest@d6466f]" name="afterMethod" is-config="true" duration-ms="1" started-at="2015-12-30T14:35:26Z" finished-at="2015-12-30T14:35:26Z">
          <params>
            <param index="0">
              <value>
                <![CDATA[[TestResult name=validateTagSectionInSearchPage status=SUCCESS method=SearchPageTest.validateTagSectionInSearchPage()[pri:0, instance:org.apache.atlas.seleniumtests.SearchPageTest@d6466f] output={null}]]]>
              </value>
            </param>
          </params>
          <reporter-output>
          </reporter-output>
        </test-method> <!-- afterMethod -->
        <test-method status="PASS" signature="beforeMethod()[pri:0, instance:org.apache.atlas.seleniumtests.SearchPageTest@d6466f]" name="beforeMethod" is-config="true" duration-ms="1" started-at="2015-12-30T14:35:26Z" finished-at="2015-12-30T14:35:26Z">
          <reporter-output>
          </reporter-output>
        </test-method> <!-- beforeMethod -->
        <test-method status="FAIL" signature="verifySearchResultNegative()[pri:0, instance:org.apache.atlas.seleniumtests.SearchPageTest@d6466f]" name="verifySearchResultNegative" duration-ms="17676" started-at="2015-12-30T14:35:26Z" finished-at="2015-12-30T14:35:43Z">
          <exception class="java.lang.AssertionError">
            <message>
              <![CDATA[No Result found message displayed expected [No Result found] but found [Error occurred during executing search query, error status code = 500, status text = Internal Server Error]]]>
            </message>
            <full-stacktrace>
              <![CDATA[java.lang.AssertionError: No Result found message displayed expected [No Result found] but found [Error occurred during executing search query, error status code = 500, status text = Internal Server Error]
	at org.testng.Assert.fail(Assert.java:94)
	at org.testng.Assert.failNotEquals(Assert.java:494)
	at org.testng.Assert.assertEquals(Assert.java:123)
	at org.testng.Assert.assertEquals(Assert.java:176)
	at org.apache.atlas.seleniumtests.SearchPageTest.verifySearchResultNegative(SearchPageTest.java:75)
	at sun.reflect.NativeMethodAccessorImpl.invoke0(Native Method)
	at sun.reflect.NativeMethodAccessorImpl.invoke(NativeMethodAccessorImpl.java:57)
	at sun.reflect.DelegatingMethodAccessorImpl.invoke(DelegatingMethodAccessorImpl.java:43)
	at java.lang.reflect.Method.invoke(Method.java:606)
	at org.testng.internal.MethodInvocationHelper.invokeMethod(MethodInvocationHelper.java:84)
	at org.testng.internal.Invoker.invokeMethod(Invoker.java:714)
	at org.testng.internal.Invoker.invokeTestMethod(Invoker.java:901)
	at org.testng.internal.Invoker.invokeTestMethods(Invoker.java:1231)
	at org.testng.internal.TestMethodWorker.invokeTestMethods(TestMethodWorker.java:127)
	at org.testng.internal.TestMethodWorker.run(TestMethodWorker.java:111)
	at org.testng.TestRunner.privateRun(TestRunner.java:767)
	at org.testng.TestRunner.run(TestRunner.java:617)
	at org.testng.SuiteRunner.runTest(SuiteRunner.java:334)
	at org.testng.SuiteRunner.access$000(SuiteRunner.java:37)
	at org.testng.SuiteRunner$SuiteWorker.run(SuiteRunner.java:368)
	at org.testng.internal.thread.ThreadUtil$2.call(ThreadUtil.java:64)
	at java.util.concurrent.FutureTask.run(FutureTask.java:262)
	at java.util.concurrent.ThreadPoolExecutor.runWorker(ThreadPoolExecutor.java:1145)
	at java.util.concurrent.ThreadPoolExecutor$Worker.run(ThreadPoolExecutor.java:615)
	at java.lang.Thread.run(Thread.java:745)
]]>
            </full-stacktrace>
          </exception> <!-- java.lang.AssertionError -->
          <reporter-output>
          </reporter-output>
        </test-method> <!-- verifySearchResultNegative -->
        <test-method status="PASS" signature="afterMethod(org.testng.ITestResult)[pri:0, instance:org.apache.atlas.seleniumtests.SearchPageTest@d6466f]" name="afterMethod" is-config="true" duration-ms="2007" started-at="2015-12-30T14:35:44Z" finished-at="2015-12-30T14:35:46Z">
          <params>
            <param index="0">
              <value>
                <![CDATA[[TestResult name=verifySearchResultNegative status=FAILURE method=SearchPageTest.verifySearchResultNegative()[pri:0, instance:org.apache.atlas.seleniumtests.SearchPageTest@d6466f] output={null}]]]>
              </value>
            </param>
          </params>
          <reporter-output>
            <line>
              <![CDATA[<a href=verifySearchResultNegative target='_blank' >verifySearchResultNegative</a>]]>
            </line>
          </reporter-output>
        </test-method> <!-- afterMethod -->
      </class> <!-- org.apache.atlas.seleniumtests.SearchPageTest -->
      <class name="org.apache.atlas.seleniumtests.TagsPageTest">
        <test-method status="PASS" signature="setup()[pri:0, instance:org.apache.atlas.seleniumtests.TagsPageTest@18dafec]" name="setup" is-config="true" duration-ms="16" started-at="2015-12-30T14:32:41Z" finished-at="2015-12-30T14:32:41Z">
          <reporter-output>
          </reporter-output>
        </test-method> <!-- setup -->
        <test-method status="PASS" signature="loadObject()[pri:0, instance:org.apache.atlas.seleniumtests.TagsPageTest@18dafec]" name="loadObject" is-config="true" duration-ms="2439" started-at="2015-12-30T14:35:46Z" finished-at="2015-12-30T14:35:48Z">
          <reporter-output>
          </reporter-output>
        </test-method> <!-- loadObject -->
        <test-method status="PASS" signature="addAttribute()[pri:0, instance:org.apache.atlas.seleniumtests.TagsPageTest@18dafec]" name="addAttribute" duration-ms="9957" started-at="2015-12-30T14:35:48Z" finished-at="2015-12-30T14:35:58Z">
          <reporter-output>
          </reporter-output>
        </test-method> <!-- addAttribute -->
        <test-method status="PASS" signature="getMethodName(org.testng.ITestResult)[pri:0, instance:org.apache.atlas.seleniumtests.TagsPageTest@18dafec]" name="getMethodName" is-config="true" duration-ms="1" started-at="2015-12-30T14:35:58Z" finished-at="2015-12-30T14:35:58Z">
          <params>
            <param index="0">
              <value>
                <![CDATA[[TestResult name=addAttribute status=SUCCESS method=TagsPageTest.addAttribute()[pri:0, instance:org.apache.atlas.seleniumtests.TagsPageTest@18dafec] output={null}]]]>
              </value>
            </param>
          </params>
          <reporter-output>
          </reporter-output>
        </test-method> <!-- getMethodName -->
        <test-method status="PASS" signature="testPageElementsFromTagsTab()[pri:0, instance:org.apache.atlas.seleniumtests.TagsPageTest@18dafec]" name="testPageElementsFromTagsTab" duration-ms="10241" started-at="2015-12-30T14:35:58Z" finished-at="2015-12-30T14:36:08Z">
          <reporter-output>
          </reporter-output>
        </test-method> <!-- testPageElementsFromTagsTab -->
        <test-method status="PASS" signature="getMethodName(org.testng.ITestResult)[pri:0, instance:org.apache.atlas.seleniumtests.TagsPageTest@18dafec]" name="getMethodName" is-config="true" duration-ms="1" started-at="2015-12-30T14:36:08Z" finished-at="2015-12-30T14:36:08Z">
          <params>
            <param index="0">
              <value>
                <![CDATA[[TestResult name=testPageElementsFromTagsTab status=SUCCESS method=TagsPageTest.testPageElementsFromTagsTab()[pri:0, instance:org.apache.atlas.seleniumtests.TagsPageTest@18dafec] output={null}]]]>
              </value>
            </param>
          </params>
          <reporter-output>
          </reporter-output>
        </test-method> <!-- getMethodName -->
        <test-method status="PASS" signature="validateTagDefinition()[pri:0, instance:org.apache.atlas.seleniumtests.TagsPageTest@18dafec]" name="validateTagDefinition" duration-ms="4107" started-at="2015-12-30T14:36:08Z" finished-at="2015-12-30T14:36:12Z">
          <reporter-output>
          </reporter-output>
        </test-method> <!-- validateTagDefinition -->
        <test-method status="PASS" signature="getMethodName(org.testng.ITestResult)[pri:0, instance:org.apache.atlas.seleniumtests.TagsPageTest@18dafec]" name="getMethodName" is-config="true" duration-ms="1" started-at="2015-12-30T14:36:12Z" finished-at="2015-12-30T14:36:12Z">
          <params>
            <param index="0">
              <value>
                <![CDATA[[TestResult name=validateTagDefinition status=SUCCESS method=TagsPageTest.validateTagDefinition()[pri:0, instance:org.apache.atlas.seleniumtests.TagsPageTest@18dafec] output={null}]]]>
              </value>
            </param>
          </params>
          <reporter-output>
          </reporter-output>
        </test-method> <!-- getMethodName -->
        <test-method status="PASS" signature="validateTagsPage()[pri:0, instance:org.apache.atlas.seleniumtests.TagsPageTest@18dafec]" name="validateTagsPage" duration-ms="6428" started-at="2015-12-30T14:36:12Z" finished-at="2015-12-30T14:36:19Z">
          <reporter-output>
          </reporter-output>
        </test-method> <!-- validateTagsPage -->
        <test-method status="PASS" signature="getMethodName(org.testng.ITestResult)[pri:0, instance:org.apache.atlas.seleniumtests.TagsPageTest@18dafec]" name="getMethodName" is-config="true" duration-ms="1" started-at="2015-12-30T14:36:19Z" finished-at="2015-12-30T14:36:19Z">
          <params>
            <param index="0">
              <value>
                <![CDATA[[TestResult name=validateTagsPage status=SUCCESS method=TagsPageTest.validateTagsPage()[pri:0, instance:org.apache.atlas.seleniumtests.TagsPageTest@18dafec] output={null}]]]>
              </value>
            </param>
          </params>
          <reporter-output>
          </reporter-output>
        </test-method> <!-- getMethodName -->
        <test-method status="PASS" signature="tearDown()[pri:0, instance:org.apache.atlas.seleniumtests.TagsPageTest@18dafec]" name="tearDown" is-config="true" duration-ms="1089" started-at="2015-12-30T14:36:19Z" finished-at="2015-12-30T14:36:20Z">
          <reporter-output>
          </reporter-output>
        </test-method> <!-- tearDown -->
      </class> <!-- org.apache.atlas.seleniumtests.TagsPageTest -->
    </test> <!-- TestExecution -->
  </suite> <!-- AtlasSuite -->
</testng-results>
